xBarcodeScanner/build/outputs/logs/manifest-merger-debug-report.txt
-- Merging decision tree log ---
manifest
ADDED from src\main\AndroidManifest.xml:17:1-133:12
	package
		ADDED from src\main\AndroidManifest.xml:18:5-42
		INJECTED from src\main\AndroidManifest.xml
		INJECTED from src\main\AndroidManifest.xml
	android:versionName
		ADDED from src\main\AndroidManifest.xml:21:5-30
		INJECTED from src\main\AndroidManifest.xml
		INJECTED from src\main\AndroidManifest.xml
	android:versionCode
		ADDED from src\main\AndroidManifest.xml:20:5-28
		INJECTED from src\main\AndroidManifest.xml
		INJECTED from src\main\AndroidManifest.xml
	xmlns:android
		ADDED from src\main\AndroidManifest.xml:17:11-69
	android:installLocation
		ADDED from src\main\AndroidManifest.xml:19:5-35
uses-permission#android.permission.CAMERA
ADDED from src\main\AndroidManifest.xml:23:5-65
	android:name
		ADDED from src\main\AndroidManifest.xml:23:22-62
uses-permission#android.permission.INTERNET
ADDED from src\main\AndroidManifest.xml:24:5-67
	android:name
		ADDED from src\main\AndroidManifest.xml:24:22-64
uses-permission#android.permission.VIBRATE
ADDED from src\main\AndroidManifest.xml:25:5-66
	android:name
		ADDED from src\main\AndroidManifest.xml:25:22-63
uses-permission#android.permission.FLASHLIGHT
ADDED from src\main\AndroidManifest.xml:26:5-69
	android:name
		ADDED from src\main\AndroidManifest.xml:26:22-66
uses-permission#android.permission.READ_CONTACTS
ADDED from src\main\AndroidManifest.xml:27:5-72
	android:name
		ADDED from src\main\AndroidManifest.xml:27:22-69
uses-permission#com.android.browser.permission.READ_HISTORY_BOOKMARKS
ADDED from src\main\AndroidManifest.xml:28:5-93
	android:name
		ADDED from src\main\AndroidManifest.xml:28:22-90
uses-permission#android.permission.WRITE_EXTERNAL_STORAGE
ADDED from src\main\AndroidManifest.xml:29:5-81
	android:name
		ADDED from src\main\AndroidManifest.xml:29:22-78
uses-permission#android.permission.CHANGE_WIFI_STATE
ADDED from src\main\AndroidManifest.xml:30:5-76
	android:name
		ADDED from src\main\AndroidManifest.xml:30:22-73
uses-permission#android.permission.ACCESS_WIFI_STATE
ADDED from src\main\AndroidManifest.xml:31:5-76
	android:name
		ADDED from src\main\AndroidManifest.xml:31:22-73
uses-sdk
ADDED from src\main\AndroidManifest.xml:33:5-35:41
	android:targetSdkVersion
		ADDED from src\main\AndroidManifest.xml:35:9-38
		INJECTED from src\main\AndroidManifest.xml
		INJECTED from src\main\AndroidManifest.xml
	android:minSdkVersion
		ADDED from src\main\AndroidManifest.xml:34:9-35
		INJECTED from src\main\AndroidManifest.xml
		INJECTED from src\main\AndroidManifest.xml
uses-feature#android.hardware.camera
ADDED from src\main\AndroidManifest.xml:38:5-40:36
	android:required
		ADDED from src\main\AndroidManifest.xml:40:9-33
	android:name
		ADDED from src\main\AndroidManifest.xml:39:9-47
uses-feature#android.hardware.camera.front
ADDED from src\main\AndroidManifest.xml:41:5-43:36
	android:required
		ADDED from src\main\AndroidManifest.xml:43:9-33
	android:name
		ADDED from src\main\AndroidManifest.xml:42:9-53
uses-feature#android.hardware.camera.autofocus
ADDED from src\main\AndroidManifest.xml:46:5-48:36
	android:required
		ADDED from src\main\AndroidManifest.xml:48:9-33
	android:name
		ADDED from src\main\AndroidManifest.xml:47:9-57
uses-feature#android.hardware.camera.flash
ADDED from src\main\AndroidManifest.xml:49:5-51:36
	android:required
		ADDED from src\main\AndroidManifest.xml:51:9-33
	android:name
		ADDED from src\main\AndroidManifest.xml:50:9-53
uses-feature#android.hardware.screen.landscape
ADDED from src\main\AndroidManifest.xml:52:5-70
	android:name
		ADDED from src\main\AndroidManifest.xml:52:19-67
uses-feature#android.hardware.wifi
ADDED from src\main\AndroidManifest.xml:53:5-55:36
	android:required
		ADDED from src\main\AndroidManifest.xml:55:9-33
	android:name
		ADDED from src\main\AndroidManifest.xml:54:9-45
uses-feature#android.hardware.touchscreen
ADDED from src\main\AndroidManifest.xml:57:5-65
	android:name
		ADDED from src\main\AndroidManifest.xml:57:19-62
supports-screens
ADDED from src\main\AndroidManifest.xml:60:5-65:40
	android:largeScreens
		ADDED from src\main\AndroidManifest.xml:62:9-36
	android:smallScreens
		ADDED from src\main\AndroidManifest.xml:64:9-36
	android:normalScreens
		ADDED from src\main\AndroidManifest.xml:63:9-37
	android:xlargeScreens
		ADDED from src\main\AndroidManifest.xml:65:9-37
	android:anyDensity
		ADDED from src\main\AndroidManifest.xml:61:9-34
application
ADDED from src\main\AndroidManifest.xml:67:5-131:19
	android:label
		ADDED from src\main\AndroidManifest.xml:70:9-41
	android:allowBackup
		ADDED from src\main\AndroidManifest.xml:68:9-35
	android:icon
		ADDED from src\main\AndroidManifest.xml:69:9-47
	android:logo
		ADDED from src\main\AndroidManifest.xml:71:9-47
activity#org.madmatrix.zxing.android.CaptureActivity
ADDED from src\main\AndroidManifest.xml:72:9-90:20
	android:clearTaskOnLaunch
		ADDED from src\main\AndroidManifest.xml:74:13-45
	android:screenOrientation
		ADDED from src\main\AndroidManifest.xml:76:13-49
	android:stateNotNeeded
		ADDED from src\main\AndroidManifest.xml:77:13-42
	android:windowSoftInputMode
		ADDED from src\main\AndroidManifest.xml:79:13-60
	android:configChanges
		ADDED from src\main\AndroidManifest.xml:75:13-63
	android:theme
		ADDED from src\main\AndroidManifest.xml:78:13-48
	android:name
		ADDED from src\main\AndroidManifest.xml:73:13-44
intent-filter#android.intent.action.MAIN+android.intent.category.LAUNCHER
ADDED from src\main\AndroidManifest.xml:80:13-84:29
action#android.intent.action.MAIN
ADDED from src\main\AndroidManifest.xml:81:17-69
	android:name
		ADDED from src\main\AndroidManifest.xml:81:25-66
category#android.intent.category.LAUNCHER
ADDED from src\main\AndroidManifest.xml:83:17-77
	android:name
		ADDED from src\main\AndroidManifest.xml:83:27-74
intent-filter#android.intent.category.DEFAULT+com.google.zxing.client.android.SCAN
ADDED from src\main\AndroidManifest.xml:85:13-89:29
action#com.google.zxing.client.android.SCAN
ADDED from src\main\AndroidManifest.xml:86:17-79
	android:name
		ADDED from src\main\AndroidManifest.xml:86:25-76
category#android.intent.category.DEFAULT
ADDED from src\main\AndroidManifest.xml:88:17-76
	android:name
		ADDED from src\main\AndroidManifest.xml:88:27-73
activity#org.madmatrix.zxing.android.PreferencesActivity
ADDED from src\main\AndroidManifest.xml:92:9-96:20
	android:label
		ADDED from src\main\AndroidManifest.xml:94:13-53
	android:stateNotNeeded
		ADDED from src\main\AndroidManifest.xml:95:13-42
	android:name
		ADDED from src\main\AndroidManifest.xml:93:13-48
activity#org.madmatrix.zxing.android.book.SearchBookContentsActivity
ADDED from src\main\AndroidManifest.xml:98:9-109:20
	android:screenOrientation
		ADDED from src\main\AndroidManifest.xml:102:13-50
	android:label
		ADDED from src\main\AndroidManifest.xml:101:13-45
	android:stateNotNeeded
		ADDED from src\main\AndroidManifest.xml:103:13-42
	android:configChanges
		ADDED from src\main\AndroidManifest.xml:100:13-63
	android:name
		ADDED from src\main\AndroidManifest.xml:99:13-60
intent-filter#android.intent.category.DEFAULT+com.google.zxing.client.android.SEARCH_BOOK_CONTENTS
ADDED from src\main\AndroidManifest.xml:104:13-108:29
action#com.google.zxing.client.android.SEARCH_BOOK_CONTENTS
ADDED from src\main\AndroidManifest.xml:105:17-95
	android:name
		ADDED from src\main\AndroidManifest.xml:105:25-92
activity#org.madmatrix.zxing.android.history.HistoryActivity
ADDED from src\main\AndroidManifest.xml:111:9-120:20
	android:label
		ADDED from src\main\AndroidManifest.xml:113:13-50
	android:stateNotNeeded
		ADDED from src\main\AndroidManifest.xml:114:13-42
	android:name
		ADDED from src\main\AndroidManifest.xml:112:13-52
intent-filter#android.intent.action.VIEW+android.intent.category.DEFAULT
ADDED from src\main\AndroidManifest.xml:115:13-119:29
action#android.intent.action.VIEW
ADDED from src\main\AndroidManifest.xml:116:17-69
	android:name
		ADDED from src\main\AndroidManifest.xml:116:25-66
activity#org.madmatrix.zxing.android.HelpActivity
ADDED from src\main\AndroidManifest.xml:122:9-130:20
	android:screenOrientation
		ADDED from src\main\AndroidManifest.xml:124:13-45
	android:name
		ADDED from src\main\AndroidManifest.xml:123:13-41